<?xml version="1.0" encoding="UTF-8"?>
<testng-results ignored="0" total="8" passed="8" failed="0" skipped="0">
  <reporter-output>
  </reporter-output>
  <suite started-at="2023-08-12T03:06:49 EDT" name="Default suite" finished-at="2023-08-12T03:07:16 EDT" duration-ms="27256">
    <groups>
    </groups>
    <test started-at="2023-08-12T03:06:49 EDT" name="Default test" finished-at="2023-08-12T03:07:16 EDT" duration-ms="27256">
      <class name="selinium.FirstTest">
        <test-method signature="EditCustomerTest()[pri:0, instance:selinium.FirstTest@6e0f5f7f]" started-at="2023-08-12T03:06:49 EDT" name="EditCustomerTest" finished-at="2023-08-12T03:06:54 EDT" duration-ms="5141" status="PASS">
          <reporter-output>
          </reporter-output>
        </test-method> <!-- EditCustomerTest -->
        <test-method signature="addnewCustomerTest()[pri:0, instance:selinium.FirstTest@6e0f5f7f]" started-at="2023-08-12T03:06:54 EDT" name="addnewCustomerTest" finished-at="2023-08-12T03:06:58 EDT" duration-ms="3359" status="PASS">
          <reporter-output>
          </reporter-output>
        </test-method> <!-- addnewCustomerTest -->
        <test-method signature="deleteCustomerTest()[pri:0, instance:selinium.FirstTest@6e0f5f7f]" started-at="2023-08-12T03:06:58 EDT" name="deleteCustomerTest" finished-at="2023-08-12T03:07:01 EDT" duration-ms="3798" status="PASS">
          <reporter-output>
          </reporter-output>
        </test-method> <!-- deleteCustomerTest -->
        <test-method signature="logOutTest()[pri:0, instance:selinium.FirstTest@6e0f5f7f]" started-at="2023-08-12T03:07:01 EDT" name="logOutTest" finished-at="2023-08-12T03:07:05 EDT" duration-ms="3328" status="PASS">
          <reporter-output>
          </reporter-output>
        </test-method> <!-- logOutTest -->
        <test-method signature="loginWithInvalidPassword()[pri:0, instance:selinium.FirstTest@6e0f5f7f]" started-at="2023-08-12T03:07:05 EDT" name="loginWithInvalidPassword" finished-at="2023-08-12T03:07:08 EDT" duration-ms="2941" status="PASS">
          <reporter-output>
          </reporter-output>
        </test-method> <!-- loginWithInvalidPassword -->
        <test-method signature="loginWithInvalidUserName()[pri:0, instance:selinium.FirstTest@6e0f5f7f]" started-at="2023-08-12T03:07:08 EDT" name="loginWithInvalidUserName" finished-at="2023-08-12T03:07:10 EDT" duration-ms="2329" status="PASS">
          <reporter-output>
          </reporter-output>
        </test-method> <!-- loginWithInvalidUserName -->
        <test-method signature="loginWithSuccessTest()[pri:0, instance:selinium.FirstTest@6e0f5f7f]" started-at="2023-08-12T03:07:10 EDT" name="loginWithSuccessTest" finished-at="2023-08-12T03:07:13 EDT" duration-ms="2829" status="PASS">
          <reporter-output>
          </reporter-output>
        </test-method> <!-- loginWithSuccessTest -->
        <test-method signature="resetBtnTest()[pri:0, instance:selinium.FirstTest@6e0f5f7f]" started-at="2023-08-12T03:07:13 EDT" name="resetBtnTest" finished-at="2023-08-12T03:07:16 EDT" duration-ms="3477" status="PASS">
          <reporter-output>
          </reporter-output>
        </test-method> <!-- resetBtnTest -->
      </class> <!-- selinium.FirstTest -->
    </test> <!-- Default test -->
  </suite> <!-- Default suite -->
</testng-results>
