<?xml version="1.0" encoding="UTF-8"?>
<!-- Generated by org.testng.reporters.JUnitXMLReporter -->
<testsuite ignored="0" hostname="DESKTOP-PTBNG31" failures="0" tests="8" name="Default test" time="27.256" errors="0" timestamp="2023-08-12T03:07:16 EDT">
  <testcase classname="selinium.FirstTest" name="EditCustomerTest" time="5.141"/>
  <testcase classname="selinium.FirstTest" name="addnewCustomerTest" time="3.359"/>
  <testcase classname="selinium.FirstTest" name="deleteCustomerTest" time="3.798"/>
  <testcase classname="selinium.FirstTest" name="logOutTest" time="3.328"/>
  <testcase classname="selinium.FirstTest" name="loginWithInvalidPassword" time="2.941"/>
  <testcase classname="selinium.FirstTest" name="loginWithInvalidUserName" time="2.329"/>
  <testcase classname="selinium.FirstTest" name="loginWithSuccessTest" time="2.829"/>
  <testcase classname="selinium.FirstTest" name="resetBtnTest" time="3.477"/>
</testsuite> <!-- Default test -->
